<?xml version="1.0" encoding="UTF-8"?>
<!-- Generated by org.testng.reporters.JUnitReportReporter -->
<testsuite hostname="CXA0182" failures="0" tests="1" name="Rest.RestOne" time="1.910" errors="0" timestamp="26 Sep 2018 02:41:43 GMT" skipped="0">
  <testcase classname="Rest.RestOne" name="SME_Tests" time="1.910"/>
</testsuite> <!-- Rest.RestOne -->
