<?xml version="1.0" encoding="UTF-8"?>
<!-- Generated by org.testng.reporters.JUnitReportReporter -->
<testsuite hostname="CXA0182" failures="0" tests="3" name="Rest.DataDriven" time="2.362" errors="0" timestamp="26 Sep 2018 07:22:50 GMT" skipped="0">
  <testcase classname="Rest.DataDriven" name="SME_Test" time="0.317"/>
  <testcase classname="Rest.DataDriven" name="SME_Test" time="1.791"/>
  <testcase classname="Rest.DataDriven" name="SME_Test" time="0.254"/>
</testsuite> <!-- Rest.DataDriven -->
