<?xml version="1.0" encoding="UTF-8"?>
<!-- Generated by org.testng.reporters.JUnitReportReporter -->
<testsuite hostname="CXA0182" failures="0" tests="1" name="Rest.RestOne" time="2.191" errors="0" timestamp="28 Sep 2018 03:53:50 GMT" skipped="0">
  <testcase classname="Rest.RestOne" name="SME_Tests" time="2.191"/>
</testsuite> <!-- Rest.RestOne -->
