<?xml version="1.0" encoding="UTF-8"?>
<!-- Generated by org.testng.reporters.JUnitReportReporter -->
<testsuite hostname="CXA0182" failures="0" tests="1" name="Rest.Logout" time="1.700" errors="0" timestamp="26 Sep 2018 02:28:13 GMT" skipped="0">
  <testcase classname="Rest.Logout" name="SME_Logout" time="1.700"/>
</testsuite> <!-- Rest.Logout -->
